/usr/local/lib/python3.10/site-packages/gunicorn/util.py:25: UserWarning: pkg_resources is deprecated as an API. See https://setuptools.pypa.io/en/latest/pkg_resources.html. The pkg_resources package is slated for removal as early as 2025-11-30. Refrain from using this package or pin to Setuptools<81.
  import pkg_resources
[2025-07-24 21:33:11 +0000] [76] [INFO] Starting gunicorn 20.1.0
[2025-07-24 21:33:11 +0000] [76] [INFO] Listening at: http://0.0.0.0:8000 (76)
[2025-07-24 21:33:11 +0000] [76] [INFO] Using worker: sync
[2025-07-24 21:33:11 +0000] [77] [INFO] Booting worker with pid: 77
[2025-07-24 21:33:11 +0000] [78] [INFO] Booting worker with pid: 78
/usr/local/lib/python3.10/site-packages/gunicorn/util.py:25: UserWarning: pkg_resources is deprecated as an API. See https://setuptools.pypa.io/en/latest/pkg_resources.html. The pkg_resources package is slated for removal as early as 2025-11-30. Refrain from using this package or pin to Setuptools<81.
  import pkg_resources
[2025-07-24 23:21:41 +0000] [76] [INFO] Starting gunicorn 20.1.0
[2025-07-24 23:21:41 +0000] [76] [INFO] Listening at: http://0.0.0.0:8000 (76)
[2025-07-24 23:21:41 +0000] [76] [INFO] Using worker: sync
[2025-07-24 23:21:41 +0000] [77] [INFO] Booting worker with pid: 77
[2025-07-24 23:21:41 +0000] [78] [INFO] Booting worker with pid: 78
[2025-07-24 20:23:10 -0300] [77] [INFO] Worker reloading: /app/src/apps/core/repository/base.py modified
[2025-07-24 20:23:10 -0300] [77] [INFO] Worker exiting (pid: 77)
[2025-07-24 20:23:10 -0300] [78] [INFO] Worker reloading: /app/src/apps/core/repository/base.py modified
[2025-07-24 20:23:10 -0300] [78] [INFO] Worker exiting (pid: 78)
[2025-07-24 23:23:11 +0000] [225] [INFO] Booting worker with pid: 225
[2025-07-24 23:23:11 +0000] [226] [INFO] Booting worker with pid: 226
[2025-07-24 23:24:20 +0000] [76] [INFO] Handling signal: term
[2025-07-24 20:24:20 -0300] [226] [INFO] Worker exiting (pid: 226)
[2025-07-24 20:24:20 -0300] [225] [INFO] Worker exiting (pid: 225)
[2025-07-24 23:24:21 +0000] [76] [INFO] Shutting down: Master
/usr/local/lib/python3.10/site-packages/gunicorn/util.py:25: UserWarning: pkg_resources is deprecated as an API. See https://setuptools.pypa.io/en/latest/pkg_resources.html. The pkg_resources package is slated for removal as early as 2025-11-30. Refrain from using this package or pin to Setuptools<81.
  import pkg_resources
[2025-07-24 23:27:56 +0000] [76] [INFO] Starting gunicorn 20.1.0
[2025-07-24 23:27:56 +0000] [76] [INFO] Listening at: http://0.0.0.0:8000 (76)
[2025-07-24 23:27:56 +0000] [76] [INFO] Using worker: sync
[2025-07-24 23:27:56 +0000] [77] [INFO] Booting worker with pid: 77
[2025-07-24 23:27:56 +0000] [78] [INFO] Booting worker with pid: 78
[2025-07-24 20:28:55 -0300] [78] [INFO] Worker reloading: /app/src/apps/core/api_views.py modified
[2025-07-24 20:28:55 -0300] [78] [INFO] Worker exiting (pid: 78)
[2025-07-24 20:28:55 -0300] [77] [INFO] Worker reloading: /app/src/apps/core/api_views.py modified
[2025-07-24 20:28:55 -0300] [77] [INFO] Worker exiting (pid: 77)
[2025-07-24 23:28:56 +0000] [225] [INFO] Booting worker with pid: 225
[2025-07-24 23:28:56 +0000] [226] [INFO] Booting worker with pid: 226
/usr/local/lib/python3.10/site-packages/gunicorn/util.py:25: UserWarning: pkg_resources is deprecated as an API. See https://setuptools.pypa.io/en/latest/pkg_resources.html. The pkg_resources package is slated for removal as early as 2025-11-30. Refrain from using this package or pin to Setuptools<81.
  import pkg_resources
[2025-07-24 23:39:54 +0000] [76] [INFO] Starting gunicorn 20.1.0
[2025-07-24 23:39:54 +0000] [76] [INFO] Listening at: http://0.0.0.0:8000 (76)
[2025-07-24 23:39:54 +0000] [76] [INFO] Using worker: sync
[2025-07-24 23:39:54 +0000] [77] [INFO] Booting worker with pid: 77
[2025-07-24 23:39:54 +0000] [78] [INFO] Booting worker with pid: 78
/usr/local/lib/python3.10/site-packages/gunicorn/util.py:25: UserWarning: pkg_resources is deprecated as an API. See https://setuptools.pypa.io/en/latest/pkg_resources.html. The pkg_resources package is slated for removal as early as 2025-11-30. Refrain from using this package or pin to Setuptools<81.
  import pkg_resources
[2025-07-25 11:37:45 +0000] [76] [INFO] Starting gunicorn 20.1.0
[2025-07-25 11:37:45 +0000] [76] [INFO] Listening at: http://0.0.0.0:8000 (76)
[2025-07-25 11:37:45 +0000] [76] [INFO] Using worker: sync
[2025-07-25 11:37:45 +0000] [77] [INFO] Booting worker with pid: 77
[2025-07-25 11:37:45 +0000] [78] [INFO] Booting worker with pid: 78
[2025-07-25 08:46:26 -0300] [77] [INFO] Worker reloading: /app/src/apps/core/repository/IssueRepository.py modified
[2025-07-25 08:46:26 -0300] [77] [INFO] Worker exiting (pid: 77)
[2025-07-25 11:46:26 +0000] [225] [INFO] Booting worker with pid: 225
[2025-07-25 11:46:57 +0000] [76] [INFO] Handling signal: term
[2025-07-25 08:46:57 -0300] [225] [INFO] Worker exiting (pid: 225)
[2025-07-25 08:46:57 -0300] [78] [INFO] Worker exiting (pid: 78)
[2025-07-25 11:46:58 +0000] [76] [INFO] Shutting down: Master
/usr/local/lib/python3.10/site-packages/gunicorn/util.py:25: UserWarning: pkg_resources is deprecated as an API. See https://setuptools.pypa.io/en/latest/pkg_resources.html. The pkg_resources package is slated for removal as early as 2025-11-30. Refrain from using this package or pin to Setuptools<81.
  import pkg_resources
[2025-07-25 11:47:44 +0000] [76] [INFO] Starting gunicorn 20.1.0
[2025-07-25 11:47:44 +0000] [76] [INFO] Listening at: http://0.0.0.0:8000 (76)
[2025-07-25 11:47:44 +0000] [76] [INFO] Using worker: sync
[2025-07-25 11:47:44 +0000] [77] [INFO] Booting worker with pid: 77
[2025-07-25 11:47:44 +0000] [78] [INFO] Booting worker with pid: 78
[2025-07-25 11:49:00 +0000] [76] [INFO] Handling signal: term
[2025-07-25 08:49:00 -0300] [77] [INFO] Worker exiting (pid: 77)
[2025-07-25 08:49:00 -0300] [78] [INFO] Worker exiting (pid: 78)
/usr/local/lib/python3.10/site-packages/gunicorn/util.py:25: UserWarning: pkg_resources is deprecated as an API. See https://setuptools.pypa.io/en/latest/pkg_resources.html. The pkg_resources package is slated for removal as early as 2025-11-30. Refrain from using this package or pin to Setuptools<81.
  import pkg_resources
[2025-07-25 11:51:28 +0000] [76] [INFO] Starting gunicorn 20.1.0
[2025-07-25 11:51:28 +0000] [76] [INFO] Listening at: http://0.0.0.0:8000 (76)
[2025-07-25 11:51:28 +0000] [76] [INFO] Using worker: sync
[2025-07-25 11:51:28 +0000] [77] [INFO] Booting worker with pid: 77
[2025-07-25 11:51:28 +0000] [78] [INFO] Booting worker with pid: 78
[2025-07-25 08:52:23 -0300] [77] [INFO] Worker reloading: /app/src/apps/core/api_urls.py modified
[2025-07-25 08:52:23 -0300] [77] [INFO] Worker exiting (pid: 77)
[2025-07-25 08:52:23 -0300] [78] [INFO] Worker reloading: /app/src/apps/core/api_urls.py modified
[2025-07-25 08:52:23 -0300] [78] [INFO] Worker exiting (pid: 78)
[2025-07-25 11:52:24 +0000] [225] [INFO] Booting worker with pid: 225
[2025-07-25 11:52:24 +0000] [226] [INFO] Booting worker with pid: 226
[2025-07-25 08:54:49 -0300] [225] [INFO] Worker reloading: /app/src/apps/core/api_urls.py modified
[2025-07-25 08:54:49 -0300] [225] [INFO] Worker exiting (pid: 225)
[2025-07-25 11:54:50 +0000] [293] [INFO] Booting worker with pid: 293
[2025-07-25 08:54:50 -0300] [226] [INFO] Worker reloading: /app/src/apps/core/api_urls.py modified
[2025-07-25 08:54:50 -0300] [226] [INFO] Worker exiting (pid: 226)
[2025-07-25 11:54:50 +0000] [310] [INFO] Booting worker with pid: 310
/usr/local/lib/python3.10/site-packages/gunicorn/util.py:25: UserWarning: pkg_resources is deprecated as an API. See https://setuptools.pypa.io/en/latest/pkg_resources.html. The pkg_resources package is slated for removal as early as 2025-11-30. Refrain from using this package or pin to Setuptools<81.
  import pkg_resources
[2025-07-25 11:55:07 +0000] [76] [INFO] Starting gunicorn 20.1.0
[2025-07-25 11:55:07 +0000] [76] [INFO] Listening at: http://0.0.0.0:8000 (76)
[2025-07-25 11:55:07 +0000] [76] [INFO] Using worker: sync
[2025-07-25 11:55:07 +0000] [77] [INFO] Booting worker with pid: 77
[2025-07-25 11:55:07 +0000] [78] [INFO] Booting worker with pid: 78
[2025-07-25 08:55:23 -0300] [77] [INFO] Worker reloading: /app/src/apps/core/api_urls.py modified
[2025-07-25 08:55:23 -0300] [77] [INFO] Worker exiting (pid: 77)
[2025-07-25 11:55:23 +0000] [225] [INFO] Booting worker with pid: 225
[2025-07-25 08:55:38 -0300] [225] [INFO] Worker reloading: /app/src/apps/core/api_urls.py modified
[2025-07-25 08:55:38 -0300] [225] [INFO] Worker exiting (pid: 225)
[2025-07-25 08:55:38 -0300] [78] [INFO] Worker reloading: /app/src/apps/core/api_urls.py modified
[2025-07-25 08:55:38 -0300] [78] [INFO] Worker exiting (pid: 78)
[2025-07-25 11:55:38 +0000] [259] [INFO] Booting worker with pid: 259
[2025-07-25 11:55:39 +0000] [260] [INFO] Booting worker with pid: 260
[2025-07-25 08:56:36 -0300] [259] [INFO] Worker reloading: /app/src/apps/core/api_views.py modified
[2025-07-25 08:56:36 -0300] [259] [INFO] Worker exiting (pid: 259)
[2025-07-25 08:56:36 -0300] [260] [INFO] Worker reloading: /app/src/apps/core/api_views.py modified
[2025-07-25 08:56:36 -0300] [260] [INFO] Worker exiting (pid: 260)
[2025-07-25 11:56:36 +0000] [327] [INFO] Booting worker with pid: 327
[2025-07-25 11:56:37 +0000] [328] [INFO] Booting worker with pid: 328
[2025-07-25 21:25:16 +0000] [76] [CRITICAL] WORKER TIMEOUT (pid:327)
[2025-07-25 21:25:16 +0000] [76] [CRITICAL] WORKER TIMEOUT (pid:328)
[2025-07-25 18:25:16 -0300] [327] [INFO] Worker exiting (pid: 327)
[2025-07-25 18:25:16 -0300] [328] [INFO] Worker exiting (pid: 328)
[2025-07-25 21:25:17 +0000] [395] [INFO] Booting worker with pid: 395
[2025-07-25 21:25:17 +0000] [396] [INFO] Booting worker with pid: 396
[2025-07-25 21:47:18 +0000] [76] [INFO] Handling signal: term
[2025-07-25 18:47:18 -0300] [395] [INFO] Worker exiting (pid: 395)
[2025-07-25 18:47:18 -0300] [396] [INFO] Worker exiting (pid: 396)
[2025-07-25 21:47:20 +0000] [76] [INFO] Shutting down: Master
/usr/local/lib/python3.10/site-packages/gunicorn/util.py:25: UserWarning: pkg_resources is deprecated as an API. See https://setuptools.pypa.io/en/latest/pkg_resources.html. The pkg_resources package is slated for removal as early as 2025-11-30. Refrain from using this package or pin to Setuptools<81.
  import pkg_resources
[2025-07-25 22:21:36 +0000] [76] [INFO] Starting gunicorn 20.1.0
[2025-07-25 22:21:36 +0000] [76] [INFO] Listening at: http://0.0.0.0:8000 (76)
[2025-07-25 22:21:36 +0000] [76] [INFO] Using worker: sync
[2025-07-25 22:21:36 +0000] [77] [INFO] Booting worker with pid: 77
[2025-07-25 22:21:36 +0000] [78] [INFO] Booting worker with pid: 78
/usr/local/lib/python3.10/site-packages/gunicorn/util.py:25: UserWarning: pkg_resources is deprecated as an API. See https://setuptools.pypa.io/en/latest/pkg_resources.html. The pkg_resources package is slated for removal as early as 2025-11-30. Refrain from using this package or pin to Setuptools<81.
  import pkg_resources
[2025-08-05 19:11:24 +0000] [76] [INFO] Starting gunicorn 20.1.0
[2025-08-05 19:11:24 +0000] [76] [INFO] Listening at: http://0.0.0.0:8000 (76)
[2025-08-05 19:11:24 +0000] [76] [INFO] Using worker: sync
[2025-08-05 19:11:24 +0000] [77] [INFO] Booting worker with pid: 77
[2025-08-05 19:11:24 +0000] [78] [INFO] Booting worker with pid: 78
/usr/local/lib/python3.10/site-packages/gunicorn/util.py:25: UserWarning: pkg_resources is deprecated as an API. See https://setuptools.pypa.io/en/latest/pkg_resources.html. The pkg_resources package is slated for removal as early as 2025-11-30. Refrain from using this package or pin to Setuptools<81.
  import pkg_resources
[2025-08-06 16:35:15 +0000] [76] [INFO] Starting gunicorn 20.1.0
[2025-08-06 16:35:15 +0000] [76] [INFO] Listening at: http://0.0.0.0:8000 (76)
[2025-08-06 16:35:15 +0000] [76] [INFO] Using worker: sync
[2025-08-06 16:35:15 +0000] [77] [INFO] Booting worker with pid: 77
[2025-08-06 16:35:15 +0000] [78] [INFO] Booting worker with pid: 78
[2025-08-07 00:52:17 +0000] [76] [CRITICAL] WORKER TIMEOUT (pid:77)
[2025-08-07 00:52:17 +0000] [76] [CRITICAL] WORKER TIMEOUT (pid:78)
[2025-08-06 21:52:17 -0300] [77] [INFO] Worker exiting (pid: 77)
[2025-08-06 21:52:17 -0300] [78] [INFO] Worker exiting (pid: 78)
[2025-08-07 00:52:18 +0000] [76] [WARNING] Worker with pid 77 was terminated due to signal 9
[2025-08-07 00:52:18 +0000] [76] [WARNING] Worker with pid 78 was terminated due to signal 9
[2025-08-07 00:52:18 +0000] [225] [INFO] Booting worker with pid: 225
[2025-08-07 00:52:18 +0000] [226] [INFO] Booting worker with pid: 226
[2025-08-07 10:11:14 +0000] [76] [INFO] Handling signal: term
[2025-08-07 07:11:14 -0300] [225] [INFO] Worker exiting (pid: 225)
[2025-08-07 07:11:14 -0300] [226] [INFO] Worker exiting (pid: 226)
[2025-08-07 10:11:15 +0000] [76] [INFO] Shutting down: Master
/usr/local/lib/python3.10/site-packages/gunicorn/util.py:25: UserWarning: pkg_resources is deprecated as an API. See https://setuptools.pypa.io/en/latest/pkg_resources.html. The pkg_resources package is slated for removal as early as 2025-11-30. Refrain from using this package or pin to Setuptools<81.
  import pkg_resources
[2025-08-07 17:10:19 +0000] [76] [INFO] Starting gunicorn 20.1.0
[2025-08-07 17:10:19 +0000] [76] [INFO] Listening at: http://0.0.0.0:8000 (76)
[2025-08-07 17:10:19 +0000] [76] [INFO] Using worker: sync
[2025-08-07 17:10:19 +0000] [77] [INFO] Booting worker with pid: 77
[2025-08-07 17:10:19 +0000] [78] [INFO] Booting worker with pid: 78
[2025-08-08 01:44:33 +0000] [76] [CRITICAL] WORKER TIMEOUT (pid:77)
[2025-08-08 01:44:33 +0000] [76] [CRITICAL] WORKER TIMEOUT (pid:78)
[2025-08-07 22:44:33 -0300] [77] [INFO] Worker exiting (pid: 77)
[2025-08-07 22:44:33 -0300] [78] [INFO] Worker exiting (pid: 78)
[2025-08-08 01:44:34 +0000] [225] [INFO] Booting worker with pid: 225
[2025-08-08 01:44:34 +0000] [226] [INFO] Booting worker with pid: 226
[2025-08-08 11:05:59 +0000] [76] [CRITICAL] WORKER TIMEOUT (pid:225)
[2025-08-08 11:05:59 +0000] [76] [CRITICAL] WORKER TIMEOUT (pid:226)
[2025-08-08 08:05:59 -0300] [225] [INFO] Worker exiting (pid: 225)
[2025-08-08 08:05:59 -0300] [226] [INFO] Worker exiting (pid: 226)
[2025-08-08 11:06:01 +0000] [76] [WARNING] Worker with pid 225 was terminated due to signal 9
[2025-08-08 11:06:01 +0000] [76] [WARNING] Worker with pid 226 was terminated due to signal 9
[2025-08-08 11:06:01 +0000] [293] [INFO] Booting worker with pid: 293
[2025-08-08 11:06:01 +0000] [294] [INFO] Booting worker with pid: 294
/usr/local/lib/python3.10/site-packages/gunicorn/util.py:25: UserWarning: pkg_resources is deprecated as an API. See https://setuptools.pypa.io/en/latest/pkg_resources.html. The pkg_resources package is slated for removal as early as 2025-11-30. Refrain from using this package or pin to Setuptools<81.
  import pkg_resources
[2025-08-10 12:28:21 +0000] [76] [INFO] Starting gunicorn 20.1.0
[2025-08-10 12:28:21 +0000] [76] [INFO] Listening at: http://0.0.0.0:8000 (76)
[2025-08-10 12:28:21 +0000] [76] [INFO] Using worker: sync
[2025-08-10 12:28:21 +0000] [77] [INFO] Booting worker with pid: 77
[2025-08-10 12:28:21 +0000] [78] [INFO] Booting worker with pid: 78
[2025-08-10 09:38:09 -0300] [78] [INFO] Worker reloading: /app/src/apps/core/extract_github/extract_eo.py modified
[2025-08-10 09:38:09 -0300] [78] [INFO] Worker exiting (pid: 78)
[2025-08-10 09:38:09 -0300] [77] [INFO] Worker reloading: /app/src/apps/core/extract_github/extract_eo.py modified
[2025-08-10 09:38:09 -0300] [77] [INFO] Worker exiting (pid: 77)
[2025-08-10 12:38:10 +0000] [225] [INFO] Booting worker with pid: 225
[2025-08-10 12:38:10 +0000] [226] [INFO] Booting worker with pid: 226
[2025-08-10 09:42:02 -0300] [226] [INFO] Worker reloading: /app/src/apps/core/extract_github/extract_eo.py modified
[2025-08-10 09:42:02 -0300] [226] [INFO] Worker exiting (pid: 226)
[2025-08-10 09:42:02 -0300] [225] [INFO] Worker reloading: /app/src/apps/core/extract_github/extract_eo.py modified
[2025-08-10 09:42:02 -0300] [225] [INFO] Worker exiting (pid: 225)
[2025-08-10 12:42:02 +0000] [293] [INFO] Booting worker with pid: 293
[2025-08-10 12:42:02 +0000] [294] [INFO] Booting worker with pid: 294
[2025-08-10 09:42:06 -0300] [293] [INFO] Worker reloading: /app/src/apps/core/extract_github/extract_eo.py modified
[2025-08-10 09:42:06 -0300] [293] [INFO] Worker exiting (pid: 293)
[2025-08-10 12:42:07 +0000] [361] [INFO] Booting worker with pid: 361
[2025-08-10 09:42:08 -0300] [294] [INFO] Worker reloading: /app/src/apps/core/extract_github/extract_eo.py modified
[2025-08-10 09:42:08 -0300] [294] [INFO] Worker exiting (pid: 294)
[2025-08-10 12:42:09 +0000] [378] [INFO] Booting worker with pid: 378
[2025-08-10 09:42:11 -0300] [361] [INFO] Worker reloading: /app/src/apps/core/extract_github/extract_eo.py modified
[2025-08-10 09:42:11 -0300] [361] [INFO] Worker exiting (pid: 361)
[2025-08-10 12:42:12 +0000] [429] [INFO] Booting worker with pid: 429
[2025-08-10 09:42:12 -0300] [378] [INFO] Worker reloading: /app/src/apps/core/extract_github/extract_eo.py modified
[2025-08-10 09:42:12 -0300] [378] [INFO] Worker exiting (pid: 378)
[2025-08-10 12:42:13 +0000] [446] [INFO] Booting worker with pid: 446
[2025-08-10 09:42:21 -0300] [446] [INFO] Worker reloading: /app/src/apps/core/extract_github/extract_eo.py modified
[2025-08-10 09:42:21 -0300] [446] [INFO] Worker exiting (pid: 446)
[2025-08-10 09:42:22 -0300] [429] [INFO] Worker reloading: /app/src/apps/core/extract_github/extract_eo.py modified
[2025-08-10 09:42:22 -0300] [429] [INFO] Worker exiting (pid: 429)
[2025-08-10 12:42:22 +0000] [497] [INFO] Booting worker with pid: 497
[2025-08-10 12:42:22 +0000] [514] [INFO] Booting worker with pid: 514
[2025-08-10 09:42:29 -0300] [497] [INFO] Worker reloading: /app/src/apps/core/extract_github/extract_eo.py modified
[2025-08-10 09:42:29 -0300] [497] [INFO] Worker exiting (pid: 497)
[2025-08-10 09:42:30 -0300] [514] [INFO] Worker reloading: /app/src/apps/core/extract_github/extract_eo.py modified
[2025-08-10 09:42:30 -0300] [514] [INFO] Worker exiting (pid: 514)
[2025-08-10 12:42:30 +0000] [565] [INFO] Booting worker with pid: 565
[2025-08-10 09:42:30 -0300] [565] [ERROR] invalid syntax (extract_eo.py, line 69)
Traceback (most recent call last):
  File "/usr/local/lib/python3.10/site-packages/gunicorn/workers/base.py", line 146, in load_wsgi
    self.wsgi = self.app.wsgi()
  File "/usr/local/lib/python3.10/site-packages/gunicorn/app/base.py", line 67, in wsgi
    self.callable = self.load()
  File "/usr/local/lib/python3.10/site-packages/gunicorn/app/wsgiapp.py", line 58, in load
    return self.load_wsgiapp()
  File "/usr/local/lib/python3.10/site-packages/gunicorn/app/wsgiapp.py", line 48, in load_wsgiapp
    return util.import_app(self.app_uri)
  File "/usr/local/lib/python3.10/site-packages/gunicorn/util.py", line 359, in import_app
    mod = importlib.import_module(module)
  File "/usr/local/lib/python3.10/importlib/__init__.py", line 126, in import_module
    return _bootstrap._gcd_import(name[level:], package, level)
  File "<frozen importlib._bootstrap>", line 1050, in _gcd_import
  File "<frozen importlib._bootstrap>", line 1027, in _find_and_load
  File "<frozen importlib._bootstrap>", line 1006, in _find_and_load_unlocked
  File "<frozen importlib._bootstrap>", line 688, in _load_unlocked
  File "<frozen importlib._bootstrap_external>", line 883, in exec_module
  File "<frozen importlib._bootstrap>", line 241, in _call_with_frames_removed
  File "/app/src/dashboard/wsgi.py", line 16, in <module>
    application = get_wsgi_application()
  File "/usr/local/lib/python3.10/site-packages/django/core/wsgi.py", line 12, in get_wsgi_application
    django.setup(set_prefix=False)
  File "/usr/local/lib/python3.10/site-packages/django/__init__.py", line 24, in setup
    apps.populate(settings.INSTALLED_APPS)
  File "/usr/local/lib/python3.10/site-packages/django/apps/registry.py", line 124, in populate
    app_config.ready()
  File "/app/src/apps/core/apps.py", line 8, in ready
    import apps.core.signals
  File "/app/src/apps/core/signals.py", line 3, in <module>
    from .services import retrive_data
  File "/app/src/apps/core/services.py", line 1, in <module>
    from .tasks import retrieve_github_data, setup_periodic_tasks
  File "/app/src/apps/core/tasks.py", line 4, in <module>
    from .extract_github.extract_eo import ExtractEO
  File "/app/src/apps/core/extract_github/extract_eo.py", line 69
    self.create_relationship(, "allocates", person_node)
                             ^
SyntaxError: invalid syntax
[2025-08-10 12:42:30 +0000] [567] [INFO] Booting worker with pid: 567
[2025-08-10 09:42:31 -0300] [567] [ERROR] invalid syntax (extract_eo.py, line 69)
Traceback (most recent call last):
  File "/usr/local/lib/python3.10/site-packages/gunicorn/workers/base.py", line 146, in load_wsgi
    self.wsgi = self.app.wsgi()
  File "/usr/local/lib/python3.10/site-packages/gunicorn/app/base.py", line 67, in wsgi
    self.callable = self.load()
  File "/usr/local/lib/python3.10/site-packages/gunicorn/app/wsgiapp.py", line 58, in load
    return self.load_wsgiapp()
  File "/usr/local/lib/python3.10/site-packages/gunicorn/app/wsgiapp.py", line 48, in load_wsgiapp
    return util.import_app(self.app_uri)
  File "/usr/local/lib/python3.10/site-packages/gunicorn/util.py", line 359, in import_app
    mod = importlib.import_module(module)
  File "/usr/local/lib/python3.10/importlib/__init__.py", line 126, in import_module
    return _bootstrap._gcd_import(name[level:], package, level)
  File "<frozen importlib._bootstrap>", line 1050, in _gcd_import
  File "<frozen importlib._bootstrap>", line 1027, in _find_and_load
  File "<frozen importlib._bootstrap>", line 1006, in _find_and_load_unlocked
  File "<frozen importlib._bootstrap>", line 688, in _load_unlocked
  File "<frozen importlib._bootstrap_external>", line 883, in exec_module
  File "<frozen importlib._bootstrap>", line 241, in _call_with_frames_removed
  File "/app/src/dashboard/wsgi.py", line 16, in <module>
    application = get_wsgi_application()
  File "/usr/local/lib/python3.10/site-packages/django/core/wsgi.py", line 12, in get_wsgi_application
    django.setup(set_prefix=False)
  File "/usr/local/lib/python3.10/site-packages/django/__init__.py", line 24, in setup
    apps.populate(settings.INSTALLED_APPS)
  File "/usr/local/lib/python3.10/site-packages/django/apps/registry.py", line 124, in populate
    app_config.ready()
  File "/app/src/apps/core/apps.py", line 8, in ready
    import apps.core.signals
  File "/app/src/apps/core/signals.py", line 3, in <module>
    from .services import retrive_data
  File "/app/src/apps/core/services.py", line 1, in <module>
    from .tasks import retrieve_github_data, setup_periodic_tasks
  File "/app/src/apps/core/tasks.py", line 4, in <module>
    from .extract_github.extract_eo import ExtractEO
  File "/app/src/apps/core/extract_github/extract_eo.py", line 69
    self.create_relationship(, "allocates", person_node)
                             ^
SyntaxError: invalid syntax
[2025-08-10 09:42:31 -0300] [565] [INFO] Worker reloading: /app/src/apps/core/extract_github/extract_eo.py modified
[2025-08-10 09:42:31 -0300] [565] [INFO] Worker exiting (pid: 565)
[2025-08-10 12:42:31 +0000] [569] [INFO] Booting worker with pid: 569
[2025-08-10 09:42:32 -0300] [567] [INFO] Worker reloading: /app/src/apps/core/extract_github/extract_eo.py modified
[2025-08-10 09:42:32 -0300] [567] [INFO] Worker exiting (pid: 567)
[2025-08-10 12:42:32 +0000] [570] [INFO] Booting worker with pid: 570
[2025-08-10 09:42:32 -0300] [569] [ERROR] invalid syntax (extract_eo.py, line 69)
Traceback (most recent call last):
  File "/usr/local/lib/python3.10/site-packages/gunicorn/workers/base.py", line 146, in load_wsgi
    self.wsgi = self.app.wsgi()
  File "/usr/local/lib/python3.10/site-packages/gunicorn/app/base.py", line 67, in wsgi
    self.callable = self.load()
  File "/usr/local/lib/python3.10/site-packages/gunicorn/app/wsgiapp.py", line 58, in load
    return self.load_wsgiapp()
  File "/usr/local/lib/python3.10/site-packages/gunicorn/app/wsgiapp.py", line 48, in load_wsgiapp
    return util.import_app(self.app_uri)
  File "/usr/local/lib/python3.10/site-packages/gunicorn/util.py", line 359, in import_app
    mod = importlib.import_module(module)
  File "/usr/local/lib/python3.10/importlib/__init__.py", line 126, in import_module
    return _bootstrap._gcd_import(name[level:], package, level)
  File "<frozen importlib._bootstrap>", line 1050, in _gcd_import
  File "<frozen importlib._bootstrap>", line 1027, in _find_and_load
  File "<frozen importlib._bootstrap>", line 1006, in _find_and_load_unlocked
  File "<frozen importlib._bootstrap>", line 688, in _load_unlocked
  File "<frozen importlib._bootstrap_external>", line 883, in exec_module
  File "<frozen importlib._bootstrap>", line 241, in _call_with_frames_removed
  File "/app/src/dashboard/wsgi.py", line 16, in <module>
    application = get_wsgi_application()
  File "/usr/local/lib/python3.10/site-packages/django/core/wsgi.py", line 12, in get_wsgi_application
    django.setup(set_prefix=False)
  File "/usr/local/lib/python3.10/site-packages/django/__init__.py", line 24, in setup
    apps.populate(settings.INSTALLED_APPS)
  File "/usr/local/lib/python3.10/site-packages/django/apps/registry.py", line 124, in populate
    app_config.ready()
  File "/app/src/apps/core/apps.py", line 8, in ready
    import apps.core.signals
  File "/app/src/apps/core/signals.py", line 3, in <module>
    from .services import retrive_data
  File "/app/src/apps/core/services.py", line 1, in <module>
    from .tasks import retrieve_github_data, setup_periodic_tasks
  File "/app/src/apps/core/tasks.py", line 4, in <module>
    from .extract_github.extract_eo import ExtractEO
  File "/app/src/apps/core/extract_github/extract_eo.py", line 69
    self.create_relationship(, "allocates", team_member_nodeperson_node)
                             ^
SyntaxError: invalid syntax
[2025-08-10 09:42:32 -0300] [570] [ERROR] invalid syntax (extract_eo.py, line 69)
Traceback (most recent call last):
  File "/usr/local/lib/python3.10/site-packages/gunicorn/workers/base.py", line 146, in load_wsgi
    self.wsgi = self.app.wsgi()
  File "/usr/local/lib/python3.10/site-packages/gunicorn/app/base.py", line 67, in wsgi
    self.callable = self.load()
  File "/usr/local/lib/python3.10/site-packages/gunicorn/app/wsgiapp.py", line 58, in load
    return self.load_wsgiapp()
  File "/usr/local/lib/python3.10/site-packages/gunicorn/app/wsgiapp.py", line 48, in load_wsgiapp
    return util.import_app(self.app_uri)
  File "/usr/local/lib/python3.10/site-packages/gunicorn/util.py", line 359, in import_app
    mod = importlib.import_module(module)
  File "/usr/local/lib/python3.10/importlib/__init__.py", line 126, in import_module
    return _bootstrap._gcd_import(name[level:], package, level)
  File "<frozen importlib._bootstrap>", line 1050, in _gcd_import
  File "<frozen importlib._bootstrap>", line 1027, in _find_and_load
  File "<frozen importlib._bootstrap>", line 1006, in _find_and_load_unlocked
  File "<frozen importlib._bootstrap>", line 688, in _load_unlocked
  File "<frozen importlib._bootstrap_external>", line 883, in exec_module
  File "<frozen importlib._bootstrap>", line 241, in _call_with_frames_removed
  File "/app/src/dashboard/wsgi.py", line 16, in <module>
    application = get_wsgi_application()
  File "/usr/local/lib/python3.10/site-packages/django/core/wsgi.py", line 12, in get_wsgi_application
    django.setup(set_prefix=False)
  File "/usr/local/lib/python3.10/site-packages/django/__init__.py", line 24, in setup
    apps.populate(settings.INSTALLED_APPS)
  File "/usr/local/lib/python3.10/site-packages/django/apps/registry.py", line 124, in populate
    app_config.ready()
  File "/app/src/apps/core/apps.py", line 8, in ready
    import apps.core.signals
  File "/app/src/apps/core/signals.py", line 3, in <module>
    from .services import retrive_data
  File "/app/src/apps/core/services.py", line 1, in <module>
    from .tasks import retrieve_github_data, setup_periodic_tasks
  File "/app/src/apps/core/tasks.py", line 4, in <module>
    from .extract_github.extract_eo import ExtractEO
  File "/app/src/apps/core/extract_github/extract_eo.py", line 69
    self.create_relationship(, "allocates", team_member_nodeperson_node)
                             ^
SyntaxError: invalid syntax
[2025-08-10 09:42:33 -0300] [569] [INFO] Worker reloading: /app/src/apps/core/extract_github/extract_eo.py modified
[2025-08-10 09:42:33 -0300] [569] [INFO] Worker exiting (pid: 569)
[2025-08-10 12:42:33 +0000] [573] [INFO] Booting worker with pid: 573
[2025-08-10 09:42:33 -0300] [570] [INFO] Worker reloading: /app/src/apps/core/extract_github/extract_eo.py modified
[2025-08-10 09:42:33 -0300] [570] [INFO] Worker exiting (pid: 570)
[2025-08-10 12:42:33 +0000] [574] [INFO] Booting worker with pid: 574
[2025-08-10 09:42:33 -0300] [573] [ERROR] invalid syntax (extract_eo.py, line 69)
Traceback (most recent call last):
  File "/usr/local/lib/python3.10/site-packages/gunicorn/workers/base.py", line 146, in load_wsgi
    self.wsgi = self.app.wsgi()
  File "/usr/local/lib/python3.10/site-packages/gunicorn/app/base.py", line 67, in wsgi
    self.callable = self.load()
  File "/usr/local/lib/python3.10/site-packages/gunicorn/app/wsgiapp.py", line 58, in load
    return self.load_wsgiapp()
  File "/usr/local/lib/python3.10/site-packages/gunicorn/app/wsgiapp.py", line 48, in load_wsgiapp
    return util.import_app(self.app_uri)
  File "/usr/local/lib/python3.10/site-packages/gunicorn/util.py", line 359, in import_app
    mod = importlib.import_module(module)
  File "/usr/local/lib/python3.10/importlib/__init__.py", line 126, in import_module
    return _bootstrap._gcd_import(name[level:], package, level)
  File "<frozen importlib._bootstrap>", line 1050, in _gcd_import
  File "<frozen importlib._bootstrap>", line 1027, in _find_and_load
  File "<frozen importlib._bootstrap>", line 1006, in _find_and_load_unlocked
  File "<frozen importlib._bootstrap>", line 688, in _load_unlocked
  File "<frozen importlib._bootstrap_external>", line 883, in exec_module
  File "<frozen importlib._bootstrap>", line 241, in _call_with_frames_removed
  File "/app/src/dashboard/wsgi.py", line 16, in <module>
    application = get_wsgi_application()
  File "/usr/local/lib/python3.10/site-packages/django/core/wsgi.py", line 12, in get_wsgi_application
    django.setup(set_prefix=False)
  File "/usr/local/lib/python3.10/site-packages/django/__init__.py", line 24, in setup
    apps.populate(settings.INSTALLED_APPS)
  File "/usr/local/lib/python3.10/site-packages/django/apps/registry.py", line 124, in populate
    app_config.ready()
  File "/app/src/apps/core/apps.py", line 8, in ready
    import apps.core.signals
  File "/app/src/apps/core/signals.py", line 3, in <module>
    from .services import retrive_data
  File "/app/src/apps/core/services.py", line 1, in <module>
    from .tasks import retrieve_github_data, setup_periodic_tasks
  File "/app/src/apps/core/tasks.py", line 4, in <module>
    from .extract_github.extract_eo import ExtractEO
  File "/app/src/apps/core/extract_github/extract_eo.py", line 69
    self.create_relationship(, "allocates", team_member_node)
                             ^
SyntaxError: invalid syntax
[2025-08-10 09:42:34 -0300] [574] [ERROR] invalid syntax (extract_eo.py, line 69)
Traceback (most recent call last):
  File "/usr/local/lib/python3.10/site-packages/gunicorn/workers/base.py", line 146, in load_wsgi
    self.wsgi = self.app.wsgi()
  File "/usr/local/lib/python3.10/site-packages/gunicorn/app/base.py", line 67, in wsgi
    self.callable = self.load()
  File "/usr/local/lib/python3.10/site-packages/gunicorn/app/wsgiapp.py", line 58, in load
    return self.load_wsgiapp()
  File "/usr/local/lib/python3.10/site-packages/gunicorn/app/wsgiapp.py", line 48, in load_wsgiapp
    return util.import_app(self.app_uri)
  File "/usr/local/lib/python3.10/site-packages/gunicorn/util.py", line 359, in import_app
    mod = importlib.import_module(module)
  File "/usr/local/lib/python3.10/importlib/__init__.py", line 126, in import_module
    return _bootstrap._gcd_import(name[level:], package, level)
  File "<frozen importlib._bootstrap>", line 1050, in _gcd_import
  File "<frozen importlib._bootstrap>", line 1027, in _find_and_load
  File "<frozen importlib._bootstrap>", line 1006, in _find_and_load_unlocked
  File "<frozen importlib._bootstrap>", line 688, in _load_unlocked
  File "<frozen importlib._bootstrap_external>", line 883, in exec_module
  File "<frozen importlib._bootstrap>", line 241, in _call_with_frames_removed
  File "/app/src/dashboard/wsgi.py", line 16, in <module>
    application = get_wsgi_application()
  File "/usr/local/lib/python3.10/site-packages/django/core/wsgi.py", line 12, in get_wsgi_application
    django.setup(set_prefix=False)
  File "/usr/local/lib/python3.10/site-packages/django/__init__.py", line 24, in setup
    apps.populate(settings.INSTALLED_APPS)
  File "/usr/local/lib/python3.10/site-packages/django/apps/registry.py", line 124, in populate
    app_config.ready()
  File "/app/src/apps/core/apps.py", line 8, in ready
    import apps.core.signals
  File "/app/src/apps/core/signals.py", line 3, in <module>
    from .services import retrive_data
  File "/app/src/apps/core/services.py", line 1, in <module>
    from .tasks import retrieve_github_data, setup_periodic_tasks
  File "/app/src/apps/core/tasks.py", line 4, in <module>
    from .extract_github.extract_eo import ExtractEO
  File "/app/src/apps/core/extract_github/extract_eo.py", line 69
    self.create_relationship(, "allocates", team_member_node)
                             ^
SyntaxError: invalid syntax
[2025-08-10 09:42:34 -0300] [573] [INFO] Worker reloading: /app/src/apps/core/extract_github/extract_eo.py modified
[2025-08-10 09:42:34 -0300] [573] [INFO] Worker exiting (pid: 573)
[2025-08-10 09:42:35 -0300] [574] [INFO] Worker reloading: /app/src/apps/core/extract_github/extract_eo.py modified
[2025-08-10 09:42:35 -0300] [574] [INFO] Worker exiting (pid: 574)
[2025-08-10 12:42:35 +0000] [577] [INFO] Booting worker with pid: 577
[2025-08-10 12:42:35 +0000] [578] [INFO] Booting worker with pid: 578
[2025-08-10 09:42:38 -0300] [577] [INFO] Worker reloading: /app/src/apps/core/extract_github/extract_eo.py modified
[2025-08-10 09:42:38 -0300] [577] [INFO] Worker exiting (pid: 577)
[2025-08-10 09:42:38 -0300] [578] [INFO] Worker reloading: /app/src/apps/core/extract_github/extract_eo.py modified
[2025-08-10 09:42:38 -0300] [578] [INFO] Worker exiting (pid: 578)
[2025-08-10 12:42:39 +0000] [645] [INFO] Booting worker with pid: 645
[2025-08-10 12:42:39 +0000] [646] [INFO] Booting worker with pid: 646
[2025-08-10 09:43:27 -0300] [645] [INFO] Worker reloading: /app/src/apps/core/extract_github/extract_eo.py modified
[2025-08-10 09:43:27 -0300] [645] [INFO] Worker exiting (pid: 645)
[2025-08-10 09:43:27 -0300] [646] [INFO] Worker reloading: /app/src/apps/core/extract_github/extract_eo.py modified
[2025-08-10 09:43:27 -0300] [646] [INFO] Worker exiting (pid: 646)
[2025-08-10 12:43:27 +0000] [713] [INFO] Booting worker with pid: 713
[2025-08-10 12:43:27 +0000] [714] [INFO] Booting worker with pid: 714
[2025-08-10 09:43:46 -0300] [713] [INFO] Worker reloading: /app/src/apps/core/extract_github/extract_eo.py modified
[2025-08-10 09:43:46 -0300] [713] [INFO] Worker exiting (pid: 713)
[2025-08-10 09:43:46 -0300] [714] [INFO] Worker reloading: /app/src/apps/core/extract_github/extract_eo.py modified
[2025-08-10 09:43:46 -0300] [714] [INFO] Worker exiting (pid: 714)
[2025-08-10 12:43:46 +0000] [781] [INFO] Booting worker with pid: 781
[2025-08-10 12:43:46 +0000] [782] [INFO] Booting worker with pid: 782
[2025-08-10 09:43:47 -0300] [781] [ERROR] invalid syntax (extract_eo.py, line 66)
Traceback (most recent call last):
  File "/usr/local/lib/python3.10/site-packages/gunicorn/workers/base.py", line 146, in load_wsgi
    self.wsgi = self.app.wsgi()
  File "/usr/local/lib/python3.10/site-packages/gunicorn/app/base.py", line 67, in wsgi
    self.callable = self.load()
  File "/usr/local/lib/python3.10/site-packages/gunicorn/app/wsgiapp.py", line 58, in load
    return self.load_wsgiapp()
  File "/usr/local/lib/python3.10/site-packages/gunicorn/app/wsgiapp.py", line 48, in load_wsgiapp
    return util.import_app(self.app_uri)
  File "/usr/local/lib/python3.10/site-packages/gunicorn/util.py", line 359, in import_app
    mod = importlib.import_module(module)
  File "/usr/local/lib/python3.10/importlib/__init__.py", line 126, in import_module
    return _bootstrap._gcd_import(name[level:], package, level)
  File "<frozen importlib._bootstrap>", line 1050, in _gcd_import
  File "<frozen importlib._bootstrap>", line 1027, in _find_and_load
  File "<frozen importlib._bootstrap>", line 1006, in _find_and_load_unlocked
  File "<frozen importlib._bootstrap>", line 688, in _load_unlocked
  File "<frozen importlib._bootstrap_external>", line 883, in exec_module
  File "<frozen importlib._bootstrap>", line 241, in _call_with_frames_removed
  File "/app/src/dashboard/wsgi.py", line 16, in <module>
    application = get_wsgi_application()
  File "/usr/local/lib/python3.10/site-packages/django/core/wsgi.py", line 12, in get_wsgi_application
    django.setup(set_prefix=False)
  File "/usr/local/lib/python3.10/site-packages/django/__init__.py", line 24, in setup
    apps.populate(settings.INSTALLED_APPS)
  File "/usr/local/lib/python3.10/site-packages/django/apps/registry.py", line 124, in populate
    app_config.ready()
  File "/app/src/apps/core/apps.py", line 8, in ready
    import apps.core.signals
  File "/app/src/apps/core/signals.py", line 3, in <module>
    from .services import retrive_data
  File "/app/src/apps/core/services.py", line 1, in <module>
    from .tasks import retrieve_github_data, setup_periodic_tasks
  File "/app/src/apps/core/tasks.py", line 4, in <module>
    from .extract_github.extract_eo import ExtractEO
  File "/app/src/apps/core/extract_github/extract_eo.py", line 66
    data_role = 
                ^
SyntaxError: invalid syntax
[2025-08-10 09:43:47 -0300] [782] [ERROR] invalid syntax (extract_eo.py, line 66)
Traceback (most recent call last):
  File "/usr/local/lib/python3.10/site-packages/gunicorn/workers/base.py", line 146, in load_wsgi
    self.wsgi = self.app.wsgi()
  File "/usr/local/lib/python3.10/site-packages/gunicorn/app/base.py", line 67, in wsgi
    self.callable = self.load()
  File "/usr/local/lib/python3.10/site-packages/gunicorn/app/wsgiapp.py", line 58, in load
    return self.load_wsgiapp()
  File "/usr/local/lib/python3.10/site-packages/gunicorn/app/wsgiapp.py", line 48, in load_wsgiapp
    return util.import_app(self.app_uri)
  File "/usr/local/lib/python3.10/site-packages/gunicorn/util.py", line 359, in import_app
    mod = importlib.import_module(module)
  File "/usr/local/lib/python3.10/importlib/__init__.py", line 126, in import_module
    return _bootstrap._gcd_import(name[level:], package, level)
  File "<frozen importlib._bootstrap>", line 1050, in _gcd_import
  File "<frozen importlib._bootstrap>", line 1027, in _find_and_load
  File "<frozen importlib._bootstrap>", line 1006, in _find_and_load_unlocked
  File "<frozen importlib._bootstrap>", line 688, in _load_unlocked
  File "<frozen importlib._bootstrap_external>", line 883, in exec_module
  File "<frozen importlib._bootstrap>", line 241, in _call_with_frames_removed
  File "/app/src/dashboard/wsgi.py", line 16, in <module>
    application = get_wsgi_application()
  File "/usr/local/lib/python3.10/site-packages/django/core/wsgi.py", line 12, in get_wsgi_application
    django.setup(set_prefix=False)
  File "/usr/local/lib/python3.10/site-packages/django/__init__.py", line 24, in setup
    apps.populate(settings.INSTALLED_APPS)
  File "/usr/local/lib/python3.10/site-packages/django/apps/registry.py", line 124, in populate
    app_config.ready()
  File "/app/src/apps/core/apps.py", line 8, in ready
    import apps.core.signals
  File "/app/src/apps/core/signals.py", line 3, in <module>
    from .services import retrive_data
  File "/app/src/apps/core/services.py", line 1, in <module>
    from .tasks import retrieve_github_data, setup_periodic_tasks
  File "/app/src/apps/core/tasks.py", line 4, in <module>
    from .extract_github.extract_eo import ExtractEO
  File "/app/src/apps/core/extract_github/extract_eo.py", line 66
    data_role = 
                ^
SyntaxError: invalid syntax
[2025-08-10 09:43:49 -0300] [781] [INFO] Worker reloading: /app/src/apps/core/extract_github/extract_eo.py modified
[2025-08-10 09:43:49 -0300] [781] [INFO] Worker exiting (pid: 781)
[2025-08-10 09:43:49 -0300] [782] [INFO] Worker reloading: /app/src/apps/core/extract_github/extract_eo.py modified
[2025-08-10 09:43:49 -0300] [782] [INFO] Worker exiting (pid: 782)
[2025-08-10 12:43:49 +0000] [785] [INFO] Booting worker with pid: 785
[2025-08-10 12:43:49 +0000] [786] [INFO] Booting worker with pid: 786
[2025-08-10 09:43:52 -0300] [785] [INFO] Worker reloading: /app/src/apps/core/extract_github/extract_eo.py modified
[2025-08-10 09:43:52 -0300] [785] [INFO] Worker exiting (pid: 785)
[2025-08-10 09:43:52 -0300] [786] [INFO] Worker reloading: /app/src/apps/core/extract_github/extract_eo.py modified
[2025-08-10 09:43:52 -0300] [786] [INFO] Worker exiting (pid: 786)
[2025-08-10 12:43:53 +0000] [853] [INFO] Booting worker with pid: 853
[2025-08-10 12:43:53 +0000] [854] [INFO] Booting worker with pid: 854
[2025-08-10 09:43:59 -0300] [853] [INFO] Worker reloading: /app/src/apps/core/extract_github/extract_eo.py modified
[2025-08-10 09:43:59 -0300] [853] [INFO] Worker exiting (pid: 853)
[2025-08-10 09:43:59 -0300] [854] [INFO] Worker reloading: /app/src/apps/core/extract_github/extract_eo.py modified
[2025-08-10 09:43:59 -0300] [854] [INFO] Worker exiting (pid: 854)
[2025-08-10 12:44:00 +0000] [921] [INFO] Booting worker with pid: 921
[2025-08-10 12:44:00 +0000] [922] [INFO] Booting worker with pid: 922
[2025-08-10 09:44:00 -0300] [921] [ERROR] invalid syntax (extract_eo.py, line 66)
Traceback (most recent call last):
  File "/usr/local/lib/python3.10/site-packages/gunicorn/workers/base.py", line 146, in load_wsgi
    self.wsgi = self.app.wsgi()
  File "/usr/local/lib/python3.10/site-packages/gunicorn/app/base.py", line 67, in wsgi
    self.callable = self.load()
  File "/usr/local/lib/python3.10/site-packages/gunicorn/app/wsgiapp.py", line 58, in load
    return self.load_wsgiapp()
  File "/usr/local/lib/python3.10/site-packages/gunicorn/app/wsgiapp.py", line 48, in load_wsgiapp
    return util.import_app(self.app_uri)
  File "/usr/local/lib/python3.10/site-packages/gunicorn/util.py", line 359, in import_app
    mod = importlib.import_module(module)
  File "/usr/local/lib/python3.10/importlib/__init__.py", line 126, in import_module
    return _bootstrap._gcd_import(name[level:], package, level)
  File "<frozen importlib._bootstrap>", line 1050, in _gcd_import
  File "<frozen importlib._bootstrap>", line 1027, in _find_and_load
  File "<frozen importlib._bootstrap>", line 1006, in _find_and_load_unlocked
  File "<frozen importlib._bootstrap>", line 688, in _load_unlocked
  File "<frozen importlib._bootstrap_external>", line 883, in exec_module
  File "<frozen importlib._bootstrap>", line 241, in _call_with_frames_removed
  File "/app/src/dashboard/wsgi.py", line 16, in <module>
    application = get_wsgi_application()
  File "/usr/local/lib/python3.10/site-packages/django/core/wsgi.py", line 12, in get_wsgi_application
    django.setup(set_prefix=False)
  File "/usr/local/lib/python3.10/site-packages/django/__init__.py", line 24, in setup
    apps.populate(settings.INSTALLED_APPS)
  File "/usr/local/lib/python3.10/site-packages/django/apps/registry.py", line 124, in populate
    app_config.ready()
  File "/app/src/apps/core/apps.py", line 8, in ready
    import apps.core.signals
  File "/app/src/apps/core/signals.py", line 3, in <module>
    from .services import retrive_data
  File "/app/src/apps/core/services.py", line 1, in <module>
    from .tasks import retrieve_github_data, setup_periodic_tasks
  File "/app/src/apps/core/tasks.py", line 4, in <module>
    from .extract_github.extract_eo import ExtractEO
  File "/app/src/apps/core/extract_github/extract_eo.py", line 66
    data_role ["name"]=
                       ^
SyntaxError: invalid syntax
[2025-08-10 09:44:00 -0300] [922] [ERROR] invalid syntax (extract_eo.py, line 66)
Traceback (most recent call last):
  File "/usr/local/lib/python3.10/site-packages/gunicorn/workers/base.py", line 146, in load_wsgi
    self.wsgi = self.app.wsgi()
  File "/usr/local/lib/python3.10/site-packages/gunicorn/app/base.py", line 67, in wsgi
    self.callable = self.load()
  File "/usr/local/lib/python3.10/site-packages/gunicorn/app/wsgiapp.py", line 58, in load
    return self.load_wsgiapp()
  File "/usr/local/lib/python3.10/site-packages/gunicorn/app/wsgiapp.py", line 48, in load_wsgiapp
    return util.import_app(self.app_uri)
  File "/usr/local/lib/python3.10/site-packages/gunicorn/util.py", line 359, in import_app
    mod = importlib.import_module(module)
  File "/usr/local/lib/python3.10/importlib/__init__.py", line 126, in import_module
    return _bootstrap._gcd_import(name[level:], package, level)
  File "<frozen importlib._bootstrap>", line 1050, in _gcd_import
  File "<frozen importlib._bootstrap>", line 1027, in _find_and_load
  File "<frozen importlib._bootstrap>", line 1006, in _find_and_load_unlocked
  File "<frozen importlib._bootstrap>", line 688, in _load_unlocked
  File "<frozen importlib._bootstrap_external>", line 883, in exec_module
  File "<frozen importlib._bootstrap>", line 241, in _call_with_frames_removed
  File "/app/src/dashboard/wsgi.py", line 16, in <module>
    application = get_wsgi_application()
  File "/usr/local/lib/python3.10/site-packages/django/core/wsgi.py", line 12, in get_wsgi_application
    django.setup(set_prefix=False)
  File "/usr/local/lib/python3.10/site-packages/django/__init__.py", line 24, in setup
    apps.populate(settings.INSTALLED_APPS)
  File "/usr/local/lib/python3.10/site-packages/django/apps/registry.py", line 124, in populate
    app_config.ready()
  File "/app/src/apps/core/apps.py", line 8, in ready
    import apps.core.signals
  File "/app/src/apps/core/signals.py", line 3, in <module>
    from .services import retrive_data
  File "/app/src/apps/core/services.py", line 1, in <module>
    from .tasks import retrieve_github_data, setup_periodic_tasks
  File "/app/src/apps/core/tasks.py", line 4, in <module>
    from .extract_github.extract_eo import ExtractEO
  File "/app/src/apps/core/extract_github/extract_eo.py", line 66
    data_role ["name"]=
                       ^
SyntaxError: invalid syntax
[2025-08-10 09:44:07 -0300] [921] [INFO] Worker reloading: /app/src/apps/core/extract_github/extract_eo.py modified
[2025-08-10 09:44:07 -0300] [921] [INFO] Worker exiting (pid: 921)
[2025-08-10 09:44:07 -0300] [922] [INFO] Worker reloading: /app/src/apps/core/extract_github/extract_eo.py modified
[2025-08-10 09:44:07 -0300] [922] [INFO] Worker exiting (pid: 922)
[2025-08-10 12:44:07 +0000] [925] [INFO] Booting worker with pid: 925
[2025-08-10 12:44:07 +0000] [926] [INFO] Booting worker with pid: 926
[2025-08-10 09:44:08 -0300] [925] [ERROR] invalid syntax (extract_eo.py, line 66)
Traceback (most recent call last):
  File "/usr/local/lib/python3.10/site-packages/gunicorn/workers/base.py", line 146, in load_wsgi
    self.wsgi = self.app.wsgi()
  File "/usr/local/lib/python3.10/site-packages/gunicorn/app/base.py", line 67, in wsgi
    self.callable = self.load()
  File "/usr/local/lib/python3.10/site-packages/gunicorn/app/wsgiapp.py", line 58, in load
    return self.load_wsgiapp()
  File "/usr/local/lib/python3.10/site-packages/gunicorn/app/wsgiapp.py", line 48, in load_wsgiapp
    return util.import_app(self.app_uri)
  File "/usr/local/lib/python3.10/site-packages/gunicorn/util.py", line 359, in import_app
    mod = importlib.import_module(module)
  File "/usr/local/lib/python3.10/importlib/__init__.py", line 126, in import_module
    return _bootstrap._gcd_import(name[level:], package, level)
  File "<frozen importlib._bootstrap>", line 1050, in _gcd_import
  File "<frozen importlib._bootstrap>", line 1027, in _find_and_load
  File "<frozen importlib._bootstrap>", line 1006, in _find_and_load_unlocked
  File "<frozen importlib._bootstrap>", line 688, in _load_unlocked
  File "<frozen importlib._bootstrap_external>", line 883, in exec_module
  File "<frozen importlib._bootstrap>", line 241, in _call_with_frames_removed
  File "/app/src/dashboard/wsgi.py", line 16, in <module>
    application = get_wsgi_application()
  File "/usr/local/lib/python3.10/site-packages/django/core/wsgi.py", line 12, in get_wsgi_application
    django.setup(set_prefix=False)
  File "/usr/local/lib/python3.10/site-packages/django/__init__.py", line 24, in setup
    apps.populate(settings.INSTALLED_APPS)
  File "/usr/local/lib/python3.10/site-packages/django/apps/registry.py", line 124, in populate
    app_config.ready()
  File "/app/src/apps/core/apps.py", line 8, in ready
    import apps.core.signals
  File "/app/src/apps/core/signals.py", line 3, in <module>
    from .services import retrive_data
  File "/app/src/apps/core/services.py", line 1, in <module>
    from .tasks import retrieve_github_data, setup_periodic_tasks
  File "/app/src/apps/core/tasks.py", line 4, in <module>
    from .extract_github.extract_eo import ExtractEO
  File "/app/src/apps/core/extract_github/extract_eo.py", line 66
    data_role ["name"]=
                       ^
SyntaxError: invalid syntax
[2025-08-10 09:44:08 -0300] [926] [ERROR] invalid syntax (extract_eo.py, line 66)
Traceback (most recent call last):
  File "/usr/local/lib/python3.10/site-packages/gunicorn/workers/base.py", line 146, in load_wsgi
    self.wsgi = self.app.wsgi()
  File "/usr/local/lib/python3.10/site-packages/gunicorn/app/base.py", line 67, in wsgi
    self.callable = self.load()
  File "/usr/local/lib/python3.10/site-packages/gunicorn/app/wsgiapp.py", line 58, in load
    return self.load_wsgiapp()
  File "/usr/local/lib/python3.10/site-packages/gunicorn/app/wsgiapp.py", line 48, in load_wsgiapp
    return util.import_app(self.app_uri)
  File "/usr/local/lib/python3.10/site-packages/gunicorn/util.py", line 359, in import_app
    mod = importlib.import_module(module)
  File "/usr/local/lib/python3.10/importlib/__init__.py", line 126, in import_module
    return _bootstrap._gcd_import(name[level:], package, level)
  File "<frozen importlib._bootstrap>", line 1050, in _gcd_import
  File "<frozen importlib._bootstrap>", line 1027, in _find_and_load
  File "<frozen importlib._bootstrap>", line 1006, in _find_and_load_unlocked
  File "<frozen importlib._bootstrap>", line 688, in _load_unlocked
  File "<frozen importlib._bootstrap_external>", line 883, in exec_module
  File "<frozen importlib._bootstrap>", line 241, in _call_with_frames_removed
  File "/app/src/dashboard/wsgi.py", line 16, in <module>
    application = get_wsgi_application()
  File "/usr/local/lib/python3.10/site-packages/django/core/wsgi.py", line 12, in get_wsgi_application
    django.setup(set_prefix=False)
  File "/usr/local/lib/python3.10/site-packages/django/__init__.py", line 24, in setup
    apps.populate(settings.INSTALLED_APPS)
  File "/usr/local/lib/python3.10/site-packages/django/apps/registry.py", line 124, in populate
    app_config.ready()
  File "/app/src/apps/core/apps.py", line 8, in ready
    import apps.core.signals
  File "/app/src/apps/core/signals.py", line 3, in <module>
    from .services import retrive_data
  File "/app/src/apps/core/services.py", line 1, in <module>
    from .tasks import retrieve_github_data, setup_periodic_tasks
  File "/app/src/apps/core/tasks.py", line 4, in <module>
    from .extract_github.extract_eo import ExtractEO
  File "/app/src/apps/core/extract_github/extract_eo.py", line 66
    data_role ["name"]=
                       ^
SyntaxError: invalid syntax
[2025-08-10 09:44:11 -0300] [925] [INFO] Worker reloading: /app/src/apps/core/extract_github/extract_eo.py modified
[2025-08-10 09:44:11 -0300] [925] [INFO] Worker exiting (pid: 925)
[2025-08-10 09:44:11 -0300] [926] [INFO] Worker reloading: /app/src/apps/core/extract_github/extract_eo.py modified
[2025-08-10 09:44:11 -0300] [926] [INFO] Worker exiting (pid: 926)
[2025-08-10 12:44:11 +0000] [929] [INFO] Booting worker with pid: 929
[2025-08-10 12:44:11 +0000] [930] [INFO] Booting worker with pid: 930
[2025-08-10 09:44:11 -0300] [929] [ERROR] invalid syntax (extract_eo.py, line 66)
Traceback (most recent call last):
  File "/usr/local/lib/python3.10/site-packages/gunicorn/workers/base.py", line 146, in load_wsgi
    self.wsgi = self.app.wsgi()
  File "/usr/local/lib/python3.10/site-packages/gunicorn/app/base.py", line 67, in wsgi
    self.callable = self.load()
  File "/usr/local/lib/python3.10/site-packages/gunicorn/app/wsgiapp.py", line 58, in load
    return self.load_wsgiapp()
  File "/usr/local/lib/python3.10/site-packages/gunicorn/app/wsgiapp.py", line 48, in load_wsgiapp
    return util.import_app(self.app_uri)
  File "/usr/local/lib/python3.10/site-packages/gunicorn/util.py", line 359, in import_app
    mod = importlib.import_module(module)
  File "/usr/local/lib/python3.10/importlib/__init__.py", line 126, in import_module
    return _bootstrap._gcd_import(name[level:], package, level)
  File "<frozen importlib._bootstrap>", line 1050, in _gcd_import
  File "<frozen importlib._bootstrap>", line 1027, in _find_and_load
  File "<frozen importlib._bootstrap>", line 1006, in _find_and_load_unlocked
  File "<frozen importlib._bootstrap>", line 688, in _load_unlocked
  File "<frozen importlib._bootstrap_external>", line 883, in exec_module
  File "<frozen importlib._bootstrap>", line 241, in _call_with_frames_removed
  File "/app/src/dashboard/wsgi.py", line 16, in <module>
    application = get_wsgi_application()
  File "/usr/local/lib/python3.10/site-packages/django/core/wsgi.py", line 12, in get_wsgi_application
    django.setup(set_prefix=False)
  File "/usr/local/lib/python3.10/site-packages/django/__init__.py", line 24, in setup
    apps.populate(settings.INSTALLED_APPS)
  File "/usr/local/lib/python3.10/site-packages/django/apps/registry.py", line 124, in populate
    app_config.ready()
  File "/app/src/apps/core/apps.py", line 8, in ready
    import apps.core.signals
  File "/app/src/apps/core/signals.py", line 3, in <module>
    from .services import retrive_data
  File "/app/src/apps/core/services.py", line 1, in <module>
    from .tasks import retrieve_github_data, setup_periodic_tasks
  File "/app/src/apps/core/tasks.py", line 4, in <module>
    from .extract_github.extract_eo import ExtractEO
  File "/app/src/apps/core/extract_github/extract_eo.py", line 66
    data_role ["name"]=
                       ^
SyntaxError: invalid syntax
[2025-08-10 09:44:11 -0300] [930] [ERROR] invalid syntax (extract_eo.py, line 66)
Traceback (most recent call last):
  File "/usr/local/lib/python3.10/site-packages/gunicorn/workers/base.py", line 146, in load_wsgi
    self.wsgi = self.app.wsgi()
  File "/usr/local/lib/python3.10/site-packages/gunicorn/app/base.py", line 67, in wsgi
    self.callable = self.load()
  File "/usr/local/lib/python3.10/site-packages/gunicorn/app/wsgiapp.py", line 58, in load
    return self.load_wsgiapp()
  File "/usr/local/lib/python3.10/site-packages/gunicorn/app/wsgiapp.py", line 48, in load_wsgiapp
    return util.import_app(self.app_uri)
  File "/usr/local/lib/python3.10/site-packages/gunicorn/util.py", line 359, in import_app
    mod = importlib.import_module(module)
  File "/usr/local/lib/python3.10/importlib/__init__.py", line 126, in import_module
    return _bootstrap._gcd_import(name[level:], package, level)
  File "<frozen importlib._bootstrap>", line 1050, in _gcd_import
  File "<frozen importlib._bootstrap>", line 1027, in _find_and_load
  File "<frozen importlib._bootstrap>", line 1006, in _find_and_load_unlocked
  File "<frozen importlib._bootstrap>", line 688, in _load_unlocked
  File "<frozen importlib._bootstrap_external>", line 883, in exec_module
  File "<frozen importlib._bootstrap>", line 241, in _call_with_frames_removed
  File "/app/src/dashboard/wsgi.py", line 16, in <module>
    application = get_wsgi_application()
  File "/usr/local/lib/python3.10/site-packages/django/core/wsgi.py", line 12, in get_wsgi_application
    django.setup(set_prefix=False)
  File "/usr/local/lib/python3.10/site-packages/django/__init__.py", line 24, in setup
    apps.populate(settings.INSTALLED_APPS)
  File "/usr/local/lib/python3.10/site-packages/django/apps/registry.py", line 124, in populate
    app_config.ready()
  File "/app/src/apps/core/apps.py", line 8, in ready
    import apps.core.signals
  File "/app/src/apps/core/signals.py", line 3, in <module>
    from .services import retrive_data
  File "/app/src/apps/core/services.py", line 1, in <module>
    from .tasks import retrieve_github_data, setup_periodic_tasks
  File "/app/src/apps/core/tasks.py", line 4, in <module>
    from .extract_github.extract_eo import ExtractEO
  File "/app/src/apps/core/extract_github/extract_eo.py", line 66
    data_role ["name"]=
                       ^
SyntaxError: invalid syntax
[2025-08-10 09:44:13 -0300] [929] [INFO] Worker reloading: /app/src/apps/core/extract_github/extract_eo.py modified
[2025-08-10 09:44:13 -0300] [929] [INFO] Worker exiting (pid: 929)
[2025-08-10 09:44:13 -0300] [930] [INFO] Worker reloading: /app/src/apps/core/extract_github/extract_eo.py modified
[2025-08-10 09:44:13 -0300] [930] [INFO] Worker exiting (pid: 930)
[2025-08-10 12:44:13 +0000] [933] [INFO] Booting worker with pid: 933
[2025-08-10 12:44:13 +0000] [934] [INFO] Booting worker with pid: 934
[2025-08-10 09:44:14 -0300] [933] [ERROR] invalid syntax (extract_eo.py, line 66)
Traceback (most recent call last):
  File "/usr/local/lib/python3.10/site-packages/gunicorn/workers/base.py", line 146, in load_wsgi
    self.wsgi = self.app.wsgi()
  File "/usr/local/lib/python3.10/site-packages/gunicorn/app/base.py", line 67, in wsgi
    self.callable = self.load()
  File "/usr/local/lib/python3.10/site-packages/gunicorn/app/wsgiapp.py", line 58, in load
    return self.load_wsgiapp()
  File "/usr/local/lib/python3.10/site-packages/gunicorn/app/wsgiapp.py", line 48, in load_wsgiapp
    return util.import_app(self.app_uri)
  File "/usr/local/lib/python3.10/site-packages/gunicorn/util.py", line 359, in import_app
    mod = importlib.import_module(module)
  File "/usr/local/lib/python3.10/importlib/__init__.py", line 126, in import_module
    return _bootstrap._gcd_import(name[level:], package, level)
  File "<frozen importlib._bootstrap>", line 1050, in _gcd_import
  File "<frozen importlib._bootstrap>", line 1027, in _find_and_load
  File "<frozen importlib._bootstrap>", line 1006, in _find_and_load_unlocked
  File "<frozen importlib._bootstrap>", line 688, in _load_unlocked
  File "<frozen importlib._bootstrap_external>", line 883, in exec_module
  File "<frozen importlib._bootstrap>", line 241, in _call_with_frames_removed
  File "/app/src/dashboard/wsgi.py", line 16, in <module>
    application = get_wsgi_application()
  File "/usr/local/lib/python3.10/site-packages/django/core/wsgi.py", line 12, in get_wsgi_application
    django.setup(set_prefix=False)
  File "/usr/local/lib/python3.10/site-packages/django/__init__.py", line 24, in setup
    apps.populate(settings.INSTALLED_APPS)
  File "/usr/local/lib/python3.10/site-packages/django/apps/registry.py", line 124, in populate
    app_config.ready()
  File "/app/src/apps/core/apps.py", line 8, in ready
    import apps.core.signals
  File "/app/src/apps/core/signals.py", line 3, in <module>
    from .services import retrive_data
  File "/app/src/apps/core/services.py", line 1, in <module>
    from .tasks import retrieve_github_data, setup_periodic_tasks
  File "/app/src/apps/core/tasks.py", line 4, in <module>
    from .extract_github.extract_eo import ExtractEO
  File "/app/src/apps/core/extract_github/extract_eo.py", line 66
    data_role ["name"]= 
                        ^
SyntaxError: invalid syntax
[2025-08-10 09:44:14 -0300] [934] [ERROR] invalid syntax (extract_eo.py, line 66)
Traceback (most recent call last):
  File "/usr/local/lib/python3.10/site-packages/gunicorn/workers/base.py", line 146, in load_wsgi
    self.wsgi = self.app.wsgi()
  File "/usr/local/lib/python3.10/site-packages/gunicorn/app/base.py", line 67, in wsgi
    self.callable = self.load()
  File "/usr/local/lib/python3.10/site-packages/gunicorn/app/wsgiapp.py", line 58, in load
    return self.load_wsgiapp()
  File "/usr/local/lib/python3.10/site-packages/gunicorn/app/wsgiapp.py", line 48, in load_wsgiapp
    return util.import_app(self.app_uri)
  File "/usr/local/lib/python3.10/site-packages/gunicorn/util.py", line 359, in import_app
    mod = importlib.import_module(module)
  File "/usr/local/lib/python3.10/importlib/__init__.py", line 126, in import_module
    return _bootstrap._gcd_import(name[level:], package, level)
  File "<frozen importlib._bootstrap>", line 1050, in _gcd_import
  File "<frozen importlib._bootstrap>", line 1027, in _find_and_load
  File "<frozen importlib._bootstrap>", line 1006, in _find_and_load_unlocked
  File "<frozen importlib._bootstrap>", line 688, in _load_unlocked
  File "<frozen importlib._bootstrap_external>", line 883, in exec_module
  File "<frozen importlib._bootstrap>", line 241, in _call_with_frames_removed
  File "/app/src/dashboard/wsgi.py", line 16, in <module>
    application = get_wsgi_application()
  File "/usr/local/lib/python3.10/site-packages/django/core/wsgi.py", line 12, in get_wsgi_application
    django.setup(set_prefix=False)
  File "/usr/local/lib/python3.10/site-packages/django/__init__.py", line 24, in setup
    apps.populate(settings.INSTALLED_APPS)
  File "/usr/local/lib/python3.10/site-packages/django/apps/registry.py", line 124, in populate
    app_config.ready()
  File "/app/src/apps/core/apps.py", line 8, in ready
    import apps.core.signals
  File "/app/src/apps/core/signals.py", line 3, in <module>
    from .services import retrive_data
  File "/app/src/apps/core/services.py", line 1, in <module>
    from .tasks import retrieve_github_data, setup_periodic_tasks
  File "/app/src/apps/core/tasks.py", line 4, in <module>
    from .extract_github.extract_eo import ExtractEO
  File "/app/src/apps/core/extract_github/extract_eo.py", line 66
    data_role ["name"]= 
                        ^
SyntaxError: invalid syntax
[2025-08-10 09:44:24 -0300] [933] [INFO] Worker reloading: /app/src/apps/core/extract_github/extract_eo.py modified
[2025-08-10 09:44:24 -0300] [934] [INFO] Worker reloading: /app/src/apps/core/extract_github/extract_eo.py modified
[2025-08-10 09:44:24 -0300] [933] [INFO] Worker exiting (pid: 933)
[2025-08-10 09:44:24 -0300] [934] [INFO] Worker exiting (pid: 934)
[2025-08-10 12:44:24 +0000] [937] [INFO] Booting worker with pid: 937
[2025-08-10 12:44:24 +0000] [938] [INFO] Booting worker with pid: 938
[2025-08-10 09:44:27 -0300] [937] [INFO] Worker reloading: /app/src/apps/core/extract_github/extract_eo.py modified
[2025-08-10 09:44:27 -0300] [937] [INFO] Worker exiting (pid: 937)
[2025-08-10 09:44:27 -0300] [938] [INFO] Worker reloading: /app/src/apps/core/extract_github/extract_eo.py modified
[2025-08-10 09:44:27 -0300] [938] [INFO] Worker exiting (pid: 938)
[2025-08-10 12:44:28 +0000] [1005] [INFO] Booting worker with pid: 1005
[2025-08-10 12:44:28 +0000] [1006] [INFO] Booting worker with pid: 1006
[2025-08-10 09:44:31 -0300] [1005] [INFO] Worker reloading: /app/src/apps/core/extract_github/extract_eo.py modified
[2025-08-10 09:44:31 -0300] [1005] [INFO] Worker exiting (pid: 1005)
[2025-08-10 09:44:31 -0300] [1006] [INFO] Worker reloading: /app/src/apps/core/extract_github/extract_eo.py modified
[2025-08-10 09:44:31 -0300] [1006] [INFO] Worker exiting (pid: 1006)
[2025-08-10 12:44:32 +0000] [1073] [INFO] Booting worker with pid: 1073
[2025-08-10 12:44:32 +0000] [1074] [INFO] Booting worker with pid: 1074
[2025-08-10 09:44:38 -0300] [1073] [INFO] Worker reloading: /app/src/apps/core/extract_github/extract_eo.py modified
[2025-08-10 09:44:38 -0300] [1073] [INFO] Worker exiting (pid: 1073)
[2025-08-10 09:44:38 -0300] [1074] [INFO] Worker reloading: /app/src/apps/core/extract_github/extract_eo.py modified
[2025-08-10 09:44:38 -0300] [1074] [INFO] Worker exiting (pid: 1074)
[2025-08-10 12:44:38 +0000] [1141] [INFO] Booting worker with pid: 1141
[2025-08-10 12:44:38 +0000] [1142] [INFO] Booting worker with pid: 1142
[2025-08-10 09:44:41 -0300] [1141] [INFO] Worker reloading: /app/src/apps/core/extract_github/extract_eo.py modified
[2025-08-10 09:44:41 -0300] [1141] [INFO] Worker exiting (pid: 1141)
[2025-08-10 09:44:42 -0300] [1142] [INFO] Worker reloading: /app/src/apps/core/extract_github/extract_eo.py modified
[2025-08-10 09:44:42 -0300] [1142] [INFO] Worker exiting (pid: 1142)
[2025-08-10 12:44:42 +0000] [1209] [INFO] Booting worker with pid: 1209
[2025-08-10 12:44:42 +0000] [1210] [INFO] Booting worker with pid: 1210
[2025-08-10 09:44:47 -0300] [1209] [INFO] Worker reloading: /app/src/apps/core/extract_github/extract_eo.py modified
[2025-08-10 09:44:47 -0300] [1209] [INFO] Worker exiting (pid: 1209)
[2025-08-10 09:44:47 -0300] [1210] [INFO] Worker reloading: /app/src/apps/core/extract_github/extract_eo.py modified
[2025-08-10 09:44:47 -0300] [1210] [INFO] Worker exiting (pid: 1210)
[2025-08-10 12:44:47 +0000] [1277] [INFO] Booting worker with pid: 1277
[2025-08-10 12:44:47 +0000] [1278] [INFO] Booting worker with pid: 1278
[2025-08-10 09:44:52 -0300] [1277] [INFO] Worker reloading: /app/src/apps/core/extract_github/extract_eo.py modified
[2025-08-10 09:44:52 -0300] [1277] [INFO] Worker exiting (pid: 1277)
[2025-08-10 09:44:52 -0300] [1278] [INFO] Worker reloading: /app/src/apps/core/extract_github/extract_eo.py modified
[2025-08-10 09:44:52 -0300] [1278] [INFO] Worker exiting (pid: 1278)
[2025-08-10 12:44:52 +0000] [1345] [INFO] Booting worker with pid: 1345
[2025-08-10 12:44:52 +0000] [1346] [INFO] Booting worker with pid: 1346
[2025-08-10 09:44:57 -0300] [1345] [INFO] Worker reloading: /app/src/apps/core/extract_github/extract_eo.py modified
[2025-08-10 09:44:57 -0300] [1345] [INFO] Worker exiting (pid: 1345)
[2025-08-10 09:44:57 -0300] [1346] [INFO] Worker reloading: /app/src/apps/core/extract_github/extract_eo.py modified
[2025-08-10 09:44:57 -0300] [1346] [INFO] Worker exiting (pid: 1346)
[2025-08-10 12:44:58 +0000] [1413] [INFO] Booting worker with pid: 1413
[2025-08-10 12:44:58 +0000] [1414] [INFO] Booting worker with pid: 1414
[2025-08-10 09:45:24 -0300] [1413] [INFO] Worker reloading: /app/src/apps/core/extract_github/extract_eo.py modified
[2025-08-10 09:45:24 -0300] [1413] [INFO] Worker exiting (pid: 1413)
[2025-08-10 09:45:24 -0300] [1414] [INFO] Worker reloading: /app/src/apps/core/extract_github/extract_eo.py modified
[2025-08-10 09:45:24 -0300] [1414] [INFO] Worker exiting (pid: 1414)
[2025-08-10 12:45:25 +0000] [1481] [INFO] Booting worker with pid: 1481
[2025-08-10 12:45:25 +0000] [1482] [INFO] Booting worker with pid: 1482
[2025-08-10 09:45:36 -0300] [1481] [INFO] Worker reloading: /app/src/apps/core/extract_github/extract_eo.py modified
[2025-08-10 09:45:36 -0300] [1481] [INFO] Worker exiting (pid: 1481)
[2025-08-10 09:45:36 -0300] [1482] [INFO] Worker reloading: /app/src/apps/core/extract_github/extract_eo.py modified
[2025-08-10 09:45:36 -0300] [1482] [INFO] Worker exiting (pid: 1482)
[2025-08-10 12:45:37 +0000] [1549] [INFO] Booting worker with pid: 1549
[2025-08-10 12:45:37 +0000] [1550] [INFO] Booting worker with pid: 1550
[2025-08-10 09:45:40 -0300] [1549] [INFO] Worker reloading: /app/src/apps/core/extract_github/extract_eo.py modified
[2025-08-10 09:45:40 -0300] [1549] [INFO] Worker exiting (pid: 1549)
[2025-08-10 09:45:40 -0300] [1550] [INFO] Worker reloading: /app/src/apps/core/extract_github/extract_eo.py modified
[2025-08-10 09:45:40 -0300] [1550] [INFO] Worker exiting (pid: 1550)
[2025-08-10 12:45:41 +0000] [1617] [INFO] Booting worker with pid: 1617
[2025-08-10 12:45:41 +0000] [1618] [INFO] Booting worker with pid: 1618
[2025-08-10 09:45:46 -0300] [1617] [INFO] Worker reloading: /app/src/apps/core/extract_github/extract_eo.py modified
[2025-08-10 09:45:46 -0300] [1617] [INFO] Worker exiting (pid: 1617)
[2025-08-10 09:45:46 -0300] [1618] [INFO] Worker reloading: /app/src/apps/core/extract_github/extract_eo.py modified
[2025-08-10 09:45:46 -0300] [1618] [INFO] Worker exiting (pid: 1618)
[2025-08-10 12:45:47 +0000] [1685] [INFO] Booting worker with pid: 1685
[2025-08-10 12:45:47 +0000] [1686] [INFO] Booting worker with pid: 1686
[2025-08-10 09:45:50 -0300] [1685] [INFO] Worker reloading: /app/src/apps/core/extract_github/extract_eo.py modified
[2025-08-10 09:45:50 -0300] [1685] [INFO] Worker exiting (pid: 1685)
[2025-08-10 09:45:50 -0300] [1686] [INFO] Worker reloading: /app/src/apps/core/extract_github/extract_eo.py modified
[2025-08-10 09:45:50 -0300] [1686] [INFO] Worker exiting (pid: 1686)
[2025-08-10 12:45:51 +0000] [1753] [INFO] Booting worker with pid: 1753
[2025-08-10 12:45:51 +0000] [1754] [INFO] Booting worker with pid: 1754
[2025-08-10 09:45:56 -0300] [1753] [INFO] Worker reloading: /app/src/apps/core/extract_github/extract_eo.py modified
[2025-08-10 09:45:56 -0300] [1753] [INFO] Worker exiting (pid: 1753)
[2025-08-10 09:45:57 -0300] [1754] [INFO] Worker reloading: /app/src/apps/core/extract_github/extract_eo.py modified
[2025-08-10 09:45:57 -0300] [1754] [INFO] Worker exiting (pid: 1754)
[2025-08-10 12:45:57 +0000] [1821] [INFO] Booting worker with pid: 1821
[2025-08-10 12:45:57 +0000] [1822] [INFO] Booting worker with pid: 1822
[2025-08-10 09:46:02 -0300] [1822] [INFO] Worker reloading: /app/src/apps/core/extract_github/extract_eo.py modified
[2025-08-10 09:46:02 -0300] [1822] [INFO] Worker exiting (pid: 1822)
[2025-08-10 12:46:02 +0000] [1889] [INFO] Booting worker with pid: 1889
[2025-08-10 09:46:03 -0300] [1821] [INFO] Worker reloading: /app/src/apps/core/extract_github/extract_eo.py modified
[2025-08-10 09:46:03 -0300] [1821] [INFO] Worker exiting (pid: 1821)
[2025-08-10 12:46:03 +0000] [1906] [INFO] Booting worker with pid: 1906
[2025-08-10 09:48:37 -0300] [1906] [INFO] Worker reloading: /app/src/apps/core/extract_github/extract_eo.py modified
[2025-08-10 09:48:37 -0300] [1906] [INFO] Worker exiting (pid: 1906)
[2025-08-10 09:48:37 -0300] [1889] [INFO] Worker reloading: /app/src/apps/core/extract_github/extract_eo.py modified
[2025-08-10 09:48:37 -0300] [1889] [INFO] Worker exiting (pid: 1889)
[2025-08-10 12:48:37 +0000] [1957] [INFO] Booting worker with pid: 1957
[2025-08-10 12:48:37 +0000] [1958] [INFO] Booting worker with pid: 1958
[2025-08-10 09:48:47 -0300] [1957] [INFO] Worker reloading: /app/src/apps/core/extract_github/extract_eo.py modified
[2025-08-10 09:48:47 -0300] [1957] [INFO] Worker exiting (pid: 1957)
[2025-08-10 09:48:47 -0300] [1958] [INFO] Worker reloading: /app/src/apps/core/extract_github/extract_eo.py modified
[2025-08-10 09:48:47 -0300] [1958] [INFO] Worker exiting (pid: 1958)
[2025-08-10 12:48:48 +0000] [2025] [INFO] Booting worker with pid: 2025
[2025-08-10 12:48:48 +0000] [2026] [INFO] Booting worker with pid: 2026
[2025-08-10 09:50:49 -0300] [2025] [INFO] Worker reloading: /app/src/apps/core/extract_github/extract_eo.py modified
[2025-08-10 09:50:49 -0300] [2025] [INFO] Worker exiting (pid: 2025)
[2025-08-10 09:50:49 -0300] [2026] [INFO] Worker reloading: /app/src/apps/core/extract_github/extract_eo.py modified
[2025-08-10 09:50:49 -0300] [2026] [INFO] Worker exiting (pid: 2026)
[2025-08-10 12:50:49 +0000] [2093] [INFO] Booting worker with pid: 2093
[2025-08-10 12:50:50 +0000] [2094] [INFO] Booting worker with pid: 2094
[2025-08-10 09:51:41 -0300] [2093] [INFO] Worker reloading: /app/src/apps/core/extract_github/extract_eo.py modified
[2025-08-10 09:51:41 -0300] [2093] [INFO] Worker exiting (pid: 2093)
[2025-08-10 09:51:41 -0300] [2094] [INFO] Worker reloading: /app/src/apps/core/extract_github/extract_eo.py modified
[2025-08-10 09:51:41 -0300] [2094] [INFO] Worker exiting (pid: 2094)
[2025-08-10 12:51:42 +0000] [2161] [INFO] Booting worker with pid: 2161
[2025-08-10 12:51:42 +0000] [2162] [INFO] Booting worker with pid: 2162
[2025-08-10 09:51:46 -0300] [2161] [INFO] Worker reloading: /app/src/apps/core/extract_github/extract_eo.py modified
[2025-08-10 09:51:46 -0300] [2161] [INFO] Worker exiting (pid: 2161)
[2025-08-10 09:51:47 -0300] [2162] [INFO] Worker reloading: /app/src/apps/core/extract_github/extract_eo.py modified
[2025-08-10 09:51:47 -0300] [2162] [INFO] Worker exiting (pid: 2162)
[2025-08-10 12:51:47 +0000] [2229] [INFO] Booting worker with pid: 2229
[2025-08-10 12:51:47 +0000] [2230] [INFO] Booting worker with pid: 2230
[2025-08-10 09:51:52 -0300] [2229] [INFO] Worker reloading: /app/src/apps/core/extract_github/extract_eo.py modified
[2025-08-10 09:51:52 -0300] [2229] [INFO] Worker exiting (pid: 2229)
[2025-08-10 09:51:52 -0300] [2230] [INFO] Worker reloading: /app/src/apps/core/extract_github/extract_eo.py modified
[2025-08-10 09:51:52 -0300] [2230] [INFO] Worker exiting (pid: 2230)
[2025-08-10 12:51:52 +0000] [2297] [INFO] Booting worker with pid: 2297
[2025-08-10 12:51:52 +0000] [2298] [INFO] Booting worker with pid: 2298
